Arguments: 
  C:\Users\Arthu\Desktop\node.exe C:\Users\Arthu\AppData\Roaming\npm\node_modules\yarn\bin\yarn.js add webpack

PATH: 
  C:\Python39\Scripts\;C:\Python39\;C:\Program Files\AdoptOpenJDK\jdk-11.0.9.101-hotspot\bin;C:\Program Files (x86)\Common Files\Oracle\Java\javapath;C:\Windows\system32;C:\Windows;C:\Windows\System32\Wbem;C:\Windows\System32\WindowsPowerShell\v1.0\;C:\Windows\System32\OpenSSH\;C:\Program Files\dotnet\;C:\Program Files\Git\cmd;C:\ProgramData\chocolatey\bin;C:\Program Files\PuTTY\;C:\Program Files\remoteit\resources\x64;C:\WINDOWS\system32;C:\WINDOWS;C:\WINDOWS\System32\Wbem;C:\WINDOWS\System32\WindowsPowerShell\v1.0\;C:\WINDOWS\System32\OpenSSH\;C:\Program Files\Microsoft\Web Platform Installer\;C:\Users\Arthu\Desktop\;C:\Program Files\Docker\Docker\resources\bin;C:\ProgramData\DockerDesktop\version-bin;C:\Program Files\MySQL\MySQL Shell 8.0\bin\;C:\Users\Arthu\AppData\Local\Microsoft\WindowsApps;C:\Users\Arthu\AppData\Local\Programs\Microsoft VS Code\bin;C:\Users\Arthu\AppData\Local\GitHubDesktop\bin;C:\Users\Arthu\.dotnet\tools;C:\Users\Arthu\AppData\Local\Microsoft\WindowsApps;C:\Users\Arthu\AppData\Roaming\npm

Yarn version: 
  1.22.17

Node version: 
  16.4.1

Platform: 
  win32 x64

Trace: 
  SyntaxError: C:\Users\Arthu\OneDrive\Desktop\IT_Younglings\naughts_and_crosses\my-app\package.json: Unexpected token } in JSON at position 327
      at JSON.parse (<anonymous>)
      at C:\Users\Arthu\AppData\Roaming\npm\node_modules\yarn\lib\cli.js:1625:59
      at Generator.next (<anonymous>)
      at step (C:\Users\Arthu\AppData\Roaming\npm\node_modules\yarn\lib\cli.js:310:30)
      at C:\Users\Arthu\AppData\Roaming\npm\node_modules\yarn\lib\cli.js:321:13

npm manifest: 
  {
    "name": "my-app",
    "version": "0.1.0",
    "private": true,
    "dependencies": {
      "@testing-library/jest-dom": "^5.15.0",
      "@testing-library/react": "^11.2.7",
      "@testing-library/user-event": "^12.8.3",
      "react": "^17.0.2",
      "react-dom": "^17.0.2",
      "react-scripts": "^3.4.4",
      "web-vitals": "^1.1.2",
    },
    "scripts": {
      "start": "react-scripts start",
      "build": "react-scripts build",
      "test": "react-scripts test",
      "eject": "react-scripts eject"
    },
    "eslintConfig": {
      "extends": [
        "react-app",
        "react-app/jest"
      ]
    },
    "browserslist": {
      "production": [
        ">0.2%",
        "not dead",
        "not op_mini all"
      ],
      "development": [
        "last 1 chrome version",
        "last 1 firefox version",
        "last 1 safari version"
      ]
    }
  }

yarn manifest: 
  No manifest

Lockfile: 
  No lockfile
